<?xml version="1.0" encoding="UTF-8"?>
<!-- Generated by org.testng.reporters.JUnitReportReporter -->
<testsuite hostname="user-PC" name="Academy.HomePagelogin" tests="2" failures="0" timestamp="3 Apr 2018 18:18:41 GMT" time="7.406" errors="0">
  <testcase name="basepagenavigation" time="3.016" classname="Academy.HomePagelogin"/>
  <testcase name="basepagenavigation" time="4.390" classname="Academy.HomePagelogin"/>
</testsuite> <!-- Academy.HomePagelogin -->
