<?xml version="1.0" encoding="UTF-8"?>
<!-- Generated by org.testng.reporters.JUnitReportReporter -->
<testsuite hostname="user-PC" name="Academy.ValidateNavBar" tests="1" failures="0" timestamp="3 Apr 2018 18:57:49 GMT" time="0.060" errors="0">
  <testcase name="Navigationbar" time="0.060" classname="Academy.ValidateNavBar"/>
</testsuite> <!-- Academy.ValidateNavBar -->
