<?xml version="1.0" encoding="UTF-8"?>
<!-- Generated by org.testng.reporters.JUnitReportReporter -->
<testsuite hostname="user-PC" name="Academy.HomePagelogin" tests="2" failures="0" timestamp="3 Apr 2018 19:00:15 GMT" time="7.021" errors="0">
  <testcase name="loginpagenavigation" time="4.083" classname="Academy.HomePagelogin"/>
  <testcase name="loginpagenavigation" time="2.938" classname="Academy.HomePagelogin"/>
</testsuite> <!-- Academy.HomePagelogin -->
